<?xml version="1.0" encoding="UTF-8"?>
<!-- Generated by org.testng.reporters.JUnitReportReporter -->
<testsuite skipped="0" hostname="ind495" name="Indianic.HandleAlert" tests="1" failures="0" timestamp="05 Mar 2018 12:51:47 GMT" time="3.305" errors="0">
  <testcase name="AlertButton" time="3.305" classname="Indianic.HandleAlert"/>
</testsuite> <!-- Indianic.HandleAlert -->
