<?xml version="1.0" encoding="UTF-8"?>
<!-- Generated by org.testng.reporters.JUnitReportReporter -->
<testsuite skipped="0" hostname="ind495" name="Indianic.AirIndiaAutocompletebox" tests="1" failures="0" timestamp="05 Mar 2018 05:46:59 GMT" time="4.192" errors="0">
  <testcase name="selectfromAutoComplete" time="4.192" classname="Indianic.AirIndiaAutocompletebox"/>
</testsuite> <!-- Indianic.AirIndiaAutocompletebox -->
