<?xml version="1.0" encoding="UTF-8"?>
<!-- Generated by org.testng.reporters.JUnitReportReporter -->
<testsuite skipped="0" hostname="ind495" name="Indianic.Links" tests="1" failures="0" timestamp="06 Mar 2018 11:33:26 GMT" time="8.335" errors="0">
  <testcase name="test" time="8.335" classname="Indianic.Links"/>
</testsuite> <!-- Indianic.Links -->
