<?xml version="1.0" encoding="UTF-8"?>
<!-- Generated by org.testng.reporters.JUnitReportReporter -->
<testsuite skipped="0" hostname="ind495" name="Indianic.LoginTest" tests="1" failures="0" timestamp="22 Feb 2018 10:16:37 GMT" time="22.617" errors="0">
  <testcase name="Logintest" time="22.617" classname="Indianic.LoginTest"/>
</testsuite> <!-- Indianic.LoginTest -->
